<?xml version="1.0" encoding="UTF-8"?>
<!-- Generated by org.testng.reporters.JUnitXMLReporter -->
<testsuite ignored="0" hostname="Debopriyos-MacBook-Air.local" failures="0" tests="2" name="Default test" time="26.61" errors="0" timestamp="2025-07-27T00:22:55 IST">
  <testcase classname="com.ecommerce.testcases.LoginPageTest" name="verifyInvalidLogin" time="9.502"/>
  <testcase classname="com.ecommerce.testcases.LoginPageTest" name="verifyLogin" time="5.474"/>
</testsuite> <!-- Default test -->
