<?xml version="1.0" encoding="UTF-8"?>
<!-- Generated by org.testng.reporters.JUnitXMLReporter -->
<testsuite ignored="0" hostname="Debopriyos-MacBook-Air.local" failures="0" tests="2" name="Default test" time="191.585" errors="0" timestamp="2025-07-27T23:16:28 IST">
  <testcase classname="com.ecommerce.testcases.CheckoutTest" name="placeOrderWithRegistration" time="126.032"/>
  <testcase classname="com.ecommerce.testcases.CheckoutTest" name="testCheckoutAfterLogin" time="53.955"/>
</testsuite> <!-- Default test -->
