<?xml version="1.0" encoding="UTF-8"?>
<!-- Generated by org.testng.reporters.JUnitXMLReporter -->
<testsuite ignored="10" hostname="Debopriyos-MacBook-Air.local" failures="0" tests="10" name="Regression - firefox" time="928.928" errors="0" timestamp="2025-07-28T00:43:40 IST">
  <testcase classname="com.ecommerce.testcases.RegisterUserTest" name="registerUser" time="253.446"/>
  <testcase classname="com.ecommerce.testcases.LoginPageTest" name="verifyInvalidLogin" time="8.27"/>
  <testcase classname="com.ecommerce.testcases.LoginPageTest" name="verifyLogin" time="21.244"/>
  <testcase classname="com.ecommerce.testcases.ProductsPageTest" name="verifyAllProductsAndProductDetailPage" time="19.695"/>
  <testcase classname="com.ecommerce.testcases.SearchProductTest" name="searchMultipleProductsTest" time="21.276"/>
  <testcase classname="com.ecommerce.testcases.CartTest" name="addMultipleProductsToCartTest" time="18.888"/>
  <testcase classname="com.ecommerce.testcases.CartTest" name="removeProductFromCartTest" time="61.02"/>
  <testcase classname="com.ecommerce.testcases.CartTest" name="verifyProductQuantityInCartTest" time="13.965"/>
  <testcase classname="com.ecommerce.testcases.CheckoutTest" name="checkoutAfterLogin" time="57.062"/>
  <testcase classname="com.ecommerce.testcases.CheckoutTest" name="placeOrderWithRegistration" time="362.09"/>
  <testcase classname="com.ecommerce.base.BaseClass" name="@AfterSuite afterSuite" time="0.0">
    <ignored/>
  </testcase> <!-- @AfterSuite afterSuite -->
  <testcase classname="com.ecommerce.base.BaseClass" name="@BeforeSuite beforeSuite" time="0.0">
    <ignored/>
  </testcase> <!-- @BeforeSuite beforeSuite -->
  <testcase classname="com.ecommerce.base.BaseClass" name="@AfterSuite afterSuite" time="0.0">
    <ignored/>
  </testcase> <!-- @AfterSuite afterSuite -->
  <testcase classname="com.ecommerce.base.BaseClass" name="@AfterSuite afterSuite" time="0.0">
    <ignored/>
  </testcase> <!-- @AfterSuite afterSuite -->
  <testcase classname="com.ecommerce.base.BaseClass" name="@BeforeSuite beforeSuite" time="0.0">
    <ignored/>
  </testcase> <!-- @BeforeSuite beforeSuite -->
  <testcase classname="com.ecommerce.base.BaseClass" name="@BeforeSuite beforeSuite" time="0.0">
    <ignored/>
  </testcase> <!-- @BeforeSuite beforeSuite -->
  <testcase classname="com.ecommerce.base.BaseClass" name="@AfterSuite afterSuite" time="0.0">
    <ignored/>
  </testcase> <!-- @AfterSuite afterSuite -->
  <testcase classname="com.ecommerce.base.BaseClass" name="@BeforeSuite beforeSuite" time="0.0">
    <ignored/>
  </testcase> <!-- @BeforeSuite beforeSuite -->
  <testcase classname="com.ecommerce.base.BaseClass" name="@BeforeSuite beforeSuite" time="0.0">
    <ignored/>
  </testcase> <!-- @BeforeSuite beforeSuite -->
  <testcase classname="com.ecommerce.base.BaseClass" name="@AfterSuite afterSuite" time="0.0">
    <ignored/>
  </testcase> <!-- @AfterSuite afterSuite -->
</testsuite> <!-- Regression - firefox -->
