<?xml version="1.0" encoding="UTF-8"?>
<!-- Generated by org.testng.reporters.JUnitXMLReporter -->
<testsuite ignored="20" hostname="Debopriyos-MacBook-Air.local" failures="0" tests="0" time="0.005" errors="0" timestamp="2025-07-28T00:27:24 IST">
  <testcase classname="com.ecommerce.testcases.SearchProductTest" name="searchMultipleProductsTest" time="0.0">
    <ignored/>
  </testcase> <!-- searchMultipleProductsTest -->
  <testcase classname="com.ecommerce.base.BaseClass" name="@AfterSuite afterSuite" time="0.0">
    <ignored/>
  </testcase> <!-- @AfterSuite afterSuite -->
  <testcase classname="com.ecommerce.testcases.CartTest" name="addMultipleProductsToCartTest" time="0.0">
    <ignored/>
  </testcase> <!-- addMultipleProductsToCartTest -->
  <testcase classname="com.ecommerce.base.BaseClass" name="@BeforeSuite beforeSuite" time="0.0">
    <ignored/>
  </testcase> <!-- @BeforeSuite beforeSuite -->
  <testcase classname="com.ecommerce.base.BaseClass" name="@BeforeSuite beforeSuite" time="0.0">
    <ignored/>
  </testcase> <!-- @BeforeSuite beforeSuite -->
  <testcase classname="com.ecommerce.base.BaseClass" name="@BeforeSuite beforeSuite" time="0.0">
    <ignored/>
  </testcase> <!-- @BeforeSuite beforeSuite -->
  <testcase classname="com.ecommerce.testcases.LoginPageTest" name="verifyInvalidLogin" time="0.0">
    <ignored/>
  </testcase> <!-- verifyInvalidLogin -->
  <testcase classname="com.ecommerce.testcases.CartTest" name="removeProductFromCartTest" time="0.0">
    <ignored/>
  </testcase> <!-- removeProductFromCartTest -->
  <testcase classname="com.ecommerce.testcases.CheckoutTest" name="placeOrderWithRegistration" time="0.0">
    <ignored/>
  </testcase> <!-- placeOrderWithRegistration -->
  <testcase classname="com.ecommerce.base.BaseClass" name="@AfterSuite afterSuite" time="0.0">
    <ignored/>
  </testcase> <!-- @AfterSuite afterSuite -->
  <testcase classname="com.ecommerce.testcases.RegisterUserTest" name="registerUser" time="0.0">
    <ignored/>
  </testcase> <!-- registerUser -->
  <testcase classname="com.ecommerce.base.BaseClass" name="@BeforeSuite beforeSuite" time="0.0">
    <ignored/>
  </testcase> <!-- @BeforeSuite beforeSuite -->
  <testcase classname="com.ecommerce.testcases.CartTest" name="verifyProductQuantityInCartTest" time="0.0">
    <ignored/>
  </testcase> <!-- verifyProductQuantityInCartTest -->
  <testcase classname="com.ecommerce.base.BaseClass" name="@AfterSuite afterSuite" time="0.0">
    <ignored/>
  </testcase> <!-- @AfterSuite afterSuite -->
  <testcase classname="com.ecommerce.base.BaseClass" name="@BeforeSuite beforeSuite" time="0.0">
    <ignored/>
  </testcase> <!-- @BeforeSuite beforeSuite -->
  <testcase classname="com.ecommerce.testcases.ProductsPageTest" name="verifyAllProductsAndProductDetailPage" time="0.0">
    <ignored/>
  </testcase> <!-- verifyAllProductsAndProductDetailPage -->
  <testcase classname="com.ecommerce.base.BaseClass" name="@AfterSuite afterSuite" time="0.0">
    <ignored/>
  </testcase> <!-- @AfterSuite afterSuite -->
  <testcase classname="com.ecommerce.base.BaseClass" name="@AfterSuite afterSuite" time="0.0">
    <ignored/>
  </testcase> <!-- @AfterSuite afterSuite -->
  <testcase classname="com.ecommerce.testcases.LoginPageTest" name="verifyLogin" time="0.0">
    <ignored/>
  </testcase> <!-- verifyLogin -->
  <testcase classname="com.ecommerce.testcases.CheckoutTest" name="checkoutAfterLogin" time="0.0">
    <ignored/>
  </testcase> <!-- checkoutAfterLogin -->
</testsuite>
