<?xml version="1.0" encoding="UTF-8"?>
<!-- Generated by org.testng.reporters.JUnitXMLReporter -->
<testsuite ignored="2" hostname="Debopriyos-MacBook-Air.local" failures="0" tests="2" name="Chrome Test" time="168.511" errors="0" timestamp="2025-05-01T22:47:51 IST">
  <testcase classname="com.ecommerce.testcases.LoginPageTest" name="verifyLogin" time="12.108"/>
  <testcase classname="com.ecommerce.testcases.RegisterUserTest" name="registerUser" time="56.884"/>
  <testcase classname="com.ecommerce.base.BaseClass" name="@AfterSuite afterSuite" time="0.0">
    <ignored/>
  </testcase> <!-- @AfterSuite afterSuite -->
  <testcase classname="com.ecommerce.base.BaseClass" name="@BeforeSuite beforeSuite" time="0.0">
    <ignored/>
  </testcase> <!-- @BeforeSuite beforeSuite -->
</testsuite> <!-- Chrome Test -->
