<?xml version="1.0" encoding="UTF-8"?>
<!-- Generated by org.testng.reporters.JUnitXMLReporter -->
<testsuite ignored="2" hostname="Debopriyos-MacBook-Air.local" failures="0" tests="2" name="Edge Test" time="35.154" errors="0" timestamp="2025-05-04T22:59:47 IST">
  <testcase classname="com.ecommerce.testcases.LoginPageTest" name="verifyLogin" time="5.497"/>
  <testcase classname="com.ecommerce.testcases.ProductsPageTest" name="verifyAllProductsAndProductDetailPage" time="7.634"/>
  <testcase classname="com.ecommerce.base.BaseClass" name="@AfterSuite afterSuite" time="0.0">
    <ignored/>
  </testcase> <!-- @AfterSuite afterSuite -->
  <testcase classname="com.ecommerce.base.BaseClass" name="@BeforeSuite beforeSuite" time="0.0">
    <ignored/>
  </testcase> <!-- @BeforeSuite beforeSuite -->
</testsuite> <!-- Edge Test -->
