<?xml version="1.0" encoding="UTF-8"?>
<!-- Generated by org.testng.reporters.JUnitXMLReporter -->
<testsuite ignored="4" hostname="Debopriyos-MacBook-Air.local" failures="0" tests="3" name="Firefox Test" time="88.67" errors="0" timestamp="2025-05-28T23:26:54 IST">
  <testcase classname="com.ecommerce.testcases.LoginPageTest" name="verifyLogin" time="23.023"/>
  <testcase classname="com.ecommerce.testcases.ProductsPageTest" name="verifyAllProductsAndProductDetailPage" time="17.012"/>
  <testcase classname="com.ecommerce.testcases.SearchProductTest" name="searchMultipleProductsTest" time="12.706"/>
  <testcase classname="com.ecommerce.base.BaseClass" name="@BeforeSuite beforeSuite" time="0.0">
    <ignored/>
  </testcase> <!-- @BeforeSuite beforeSuite -->
  <testcase classname="com.ecommerce.base.BaseClass" name="@BeforeSuite beforeSuite" time="0.0">
    <ignored/>
  </testcase> <!-- @BeforeSuite beforeSuite -->
  <testcase classname="com.ecommerce.base.BaseClass" name="@AfterSuite afterSuite" time="0.0">
    <ignored/>
  </testcase> <!-- @AfterSuite afterSuite -->
  <testcase classname="com.ecommerce.base.BaseClass" name="@AfterSuite afterSuite" time="0.0">
    <ignored/>
  </testcase> <!-- @AfterSuite afterSuite -->
</testsuite> <!-- Firefox Test -->
