<?xml version="1.0" encoding="UTF-8"?>
<testng-results ignored="0" total="6" passed="6" failed="0" skipped="0">
  <reporter-output>
  </reporter-output>
  <suite started-at="2025-06-05T00:36:39 IST" name="Regression Test Suite" finished-at="2025-06-05T00:44:41 IST" duration-ms="481909">
    <groups>
      <group name="Regression">
        <method signature="CartTest.addMultipleProductsToCartTest()[pri:0, instance:com.ecommerce.testcases.CartTest@7b84fcf8]" name="addMultipleProductsToCartTest" class="com.ecommerce.testcases.CartTest"/>
        <method signature="CartTest.verifyProductQuantityInCartTest()[pri:0, instance:com.ecommerce.testcases.CartTest@7b84fcf8]" name="verifyProductQuantityInCartTest" class="com.ecommerce.testcases.CartTest"/>
        <method signature="LoginPageTest.verifyLogin()[pri:0, instance:com.ecommerce.testcases.LoginPageTest@5d9b7a8a]" name="verifyLogin" class="com.ecommerce.testcases.LoginPageTest"/>
        <method signature="ProductsPageTest.verifyAllProductsAndProductDetailPage()[pri:0, instance:com.ecommerce.testcases.ProductsPageTest@1b73be9f]" name="verifyAllProductsAndProductDetailPage" class="com.ecommerce.testcases.ProductsPageTest"/>
        <method signature="RegisterUserTest.registerUser(java.util.Map)[pri:0, instance:com.ecommerce.testcases.RegisterUserTest@1d3ac898]" name="registerUser" class="com.ecommerce.testcases.RegisterUserTest"/>
        <method signature="SearchProductTest.searchMultipleProductsTest()[pri:0, instance:com.ecommerce.testcases.SearchProductTest@628c4ac0]" name="searchMultipleProductsTest" class="com.ecommerce.testcases.SearchProductTest"/>
      </group> <!-- Regression -->
      <group name="Smoke">
        <method signature="CartTest.addMultipleProductsToCartTest()[pri:0, instance:com.ecommerce.testcases.CartTest@7b84fcf8]" name="addMultipleProductsToCartTest" class="com.ecommerce.testcases.CartTest"/>
        <method signature="LoginPageTest.verifyLogin()[pri:0, instance:com.ecommerce.testcases.LoginPageTest@5d9b7a8a]" name="verifyLogin" class="com.ecommerce.testcases.LoginPageTest"/>
        <method signature="ProductsPageTest.verifyAllProductsAndProductDetailPage()[pri:0, instance:com.ecommerce.testcases.ProductsPageTest@1b73be9f]" name="verifyAllProductsAndProductDetailPage" class="com.ecommerce.testcases.ProductsPageTest"/>
        <method signature="SearchProductTest.searchMultipleProductsTest()[pri:0, instance:com.ecommerce.testcases.SearchProductTest@628c4ac0]" name="searchMultipleProductsTest" class="com.ecommerce.testcases.SearchProductTest"/>
      </group> <!-- Smoke -->
    </groups>
    <test started-at="2025-06-05T00:36:39 IST" name="Regression - edge" finished-at="2025-06-05T00:44:41 IST" duration-ms="481909">
      <class name="com.ecommerce.testcases.LoginPageTest">
        <test-method is-config="true" signature="beforeSuite()[pri:0, instance:com.ecommerce.testcases.LoginPageTest@5d9b7a8a]" started-at="2025-06-05T00:36:39 IST" name="beforeSuite" finished-at="2025-06-05T00:36:39 IST" duration-ms="8" status="PASS">
          <reporter-output>
          </reporter-output>
        </test-method> <!-- beforeSuite -->
        <test-method is-config="true" signature="setUp(java.lang.String)[pri:0, instance:com.ecommerce.testcases.LoginPageTest@5d9b7a8a]" started-at="2025-06-05T00:36:39 IST" name="setUp" finished-at="2025-06-05T00:37:05 IST" duration-ms="25485" status="PASS">
          <params>
            <param index="0">
              <value>
                <![CDATA[edge]]>
              </value>
            </param>
          </params>
          <reporter-output>
          </reporter-output>
        </test-method> <!-- setUp -->
        <test-method signature="verifyLogin()[pri:0, instance:com.ecommerce.testcases.LoginPageTest@5d9b7a8a]" started-at="2025-06-05T00:37:05 IST" name="verifyLogin" finished-at="2025-06-05T00:37:19 IST" duration-ms="14076" status="PASS">
          <reporter-output>
          </reporter-output>
        </test-method> <!-- verifyLogin -->
        <test-method is-config="true" signature="tearDown(org.testng.ITestResult)[pri:0, instance:com.ecommerce.testcases.LoginPageTest@5d9b7a8a]" started-at="2025-06-05T00:37:19 IST" name="tearDown" finished-at="2025-06-05T00:37:20 IST" duration-ms="1167" status="PASS">
          <params>
            <param index="0">
              <value>
                <![CDATA[[TestResult name=verifyLogin status=SUCCESS method=LoginPageTest.verifyLogin()[pri:0, instance:com.ecommerce.testcases.LoginPageTest@5d9b7a8a] output={null}]]]>
              </value>
            </param>
          </params>
          <reporter-output>
          </reporter-output>
        </test-method> <!-- tearDown -->
        <test-method is-config="true" signature="afterSuite()[pri:0, instance:com.ecommerce.testcases.LoginPageTest@5d9b7a8a]" started-at="2025-06-05T00:44:42 IST" name="afterSuite" finished-at="2025-06-05T00:44:42 IST" duration-ms="3" status="PASS">
          <reporter-output>
          </reporter-output>
        </test-method> <!-- afterSuite -->
      </class> <!-- com.ecommerce.testcases.LoginPageTest -->
      <class name="com.ecommerce.testcases.ProductsPageTest">
        <test-method is-config="true" signature="setUp(java.lang.String)[pri:0, instance:com.ecommerce.testcases.ProductsPageTest@1b73be9f]" started-at="2025-06-05T00:38:26 IST" name="setUp" finished-at="2025-06-05T00:38:31 IST" duration-ms="4986" status="PASS">
          <params>
            <param index="0">
              <value>
                <![CDATA[edge]]>
              </value>
            </param>
          </params>
          <reporter-output>
          </reporter-output>
        </test-method> <!-- setUp -->
        <test-method signature="verifyAllProductsAndProductDetailPage()[pri:0, instance:com.ecommerce.testcases.ProductsPageTest@1b73be9f]" started-at="2025-06-05T00:38:31 IST" name="verifyAllProductsAndProductDetailPage" finished-at="2025-06-05T00:43:45 IST" duration-ms="313739" status="PASS">
          <reporter-output>
          </reporter-output>
        </test-method> <!-- verifyAllProductsAndProductDetailPage -->
        <test-method is-config="true" signature="tearDown(org.testng.ITestResult)[pri:0, instance:com.ecommerce.testcases.ProductsPageTest@1b73be9f]" started-at="2025-06-05T00:43:45 IST" name="tearDown" finished-at="2025-06-05T00:43:46 IST" duration-ms="1195" status="PASS">
          <params>
            <param index="0">
              <value>
                <![CDATA[[TestResult name=verifyAllProductsAndProductDetailPage status=SUCCESS method=ProductsPageTest.verifyAllProductsAndProductDetailPage()[pri:0, instance:com.ecommerce.testcases.ProductsPageTest@1b73be9f] output={null}]]]>
              </value>
            </param>
          </params>
          <reporter-output>
          </reporter-output>
        </test-method> <!-- tearDown -->
      </class> <!-- com.ecommerce.testcases.ProductsPageTest -->
      <class name="com.ecommerce.testcases.SearchProductTest">
        <test-method is-config="true" signature="setUp(java.lang.String)[pri:0, instance:com.ecommerce.testcases.SearchProductTest@628c4ac0]" started-at="2025-06-05T00:43:46 IST" name="setUp" finished-at="2025-06-05T00:43:52 IST" duration-ms="5567" status="PASS">
          <params>
            <param index="0">
              <value>
                <![CDATA[edge]]>
              </value>
            </param>
          </params>
          <reporter-output>
          </reporter-output>
        </test-method> <!-- setUp -->
        <test-method signature="searchMultipleProductsTest()[pri:0, instance:com.ecommerce.testcases.SearchProductTest@628c4ac0]" started-at="2025-06-05T00:43:52 IST" name="searchMultipleProductsTest" finished-at="2025-06-05T00:44:00 IST" duration-ms="8420" status="PASS">
          <reporter-output>
          </reporter-output>
        </test-method> <!-- searchMultipleProductsTest -->
        <test-method is-config="true" signature="tearDown(org.testng.ITestResult)[pri:0, instance:com.ecommerce.testcases.SearchProductTest@628c4ac0]" started-at="2025-06-05T00:44:00 IST" name="tearDown" finished-at="2025-06-05T00:44:01 IST" duration-ms="1159" status="PASS">
          <params>
            <param index="0">
              <value>
                <![CDATA[[TestResult name=searchMultipleProductsTest status=SUCCESS method=SearchProductTest.searchMultipleProductsTest()[pri:0, instance:com.ecommerce.testcases.SearchProductTest@628c4ac0] output={null}]]]>
              </value>
            </param>
          </params>
          <reporter-output>
          </reporter-output>
        </test-method> <!-- tearDown -->
      </class> <!-- com.ecommerce.testcases.SearchProductTest -->
      <class name="com.ecommerce.testcases.CartTest">
        <test-method is-config="true" signature="setUp(java.lang.String)[pri:0, instance:com.ecommerce.testcases.CartTest@7b84fcf8]" started-at="2025-06-05T00:44:01 IST" name="setUp" finished-at="2025-06-05T00:44:06 IST" duration-ms="5061" status="PASS">
          <params>
            <param index="0">
              <value>
                <![CDATA[edge]]>
              </value>
            </param>
          </params>
          <reporter-output>
          </reporter-output>
        </test-method> <!-- setUp -->
        <test-method signature="addMultipleProductsToCartTest()[pri:0, instance:com.ecommerce.testcases.CartTest@7b84fcf8]" started-at="2025-06-05T00:44:06 IST" name="addMultipleProductsToCartTest" finished-at="2025-06-05T00:44:21 IST" duration-ms="15066" status="PASS">
          <reporter-output>
          </reporter-output>
        </test-method> <!-- addMultipleProductsToCartTest -->
        <test-method is-config="true" signature="tearDown(org.testng.ITestResult)[pri:0, instance:com.ecommerce.testcases.CartTest@7b84fcf8]" started-at="2025-06-05T00:44:21 IST" name="tearDown" finished-at="2025-06-05T00:44:23 IST" duration-ms="1136" status="PASS">
          <params>
            <param index="0">
              <value>
                <![CDATA[[TestResult name=addMultipleProductsToCartTest status=SUCCESS method=CartTest.addMultipleProductsToCartTest()[pri:0, instance:com.ecommerce.testcases.CartTest@7b84fcf8] output={null}]]]>
              </value>
            </param>
          </params>
          <reporter-output>
          </reporter-output>
        </test-method> <!-- tearDown -->
        <test-method is-config="true" signature="setUp(java.lang.String)[pri:0, instance:com.ecommerce.testcases.CartTest@7b84fcf8]" started-at="2025-06-05T00:44:23 IST" name="setUp" finished-at="2025-06-05T00:44:27 IST" duration-ms="4574" status="PASS">
          <params>
            <param index="0">
              <value>
                <![CDATA[edge]]>
              </value>
            </param>
          </params>
          <reporter-output>
          </reporter-output>
        </test-method> <!-- setUp -->
        <test-method signature="verifyProductQuantityInCartTest()[pri:0, instance:com.ecommerce.testcases.CartTest@7b84fcf8]" started-at="2025-06-05T00:44:27 IST" name="verifyProductQuantityInCartTest" finished-at="2025-06-05T00:44:40 IST" duration-ms="13016" status="PASS">
          <reporter-output>
          </reporter-output>
        </test-method> <!-- verifyProductQuantityInCartTest -->
        <test-method is-config="true" signature="tearDown(org.testng.ITestResult)[pri:0, instance:com.ecommerce.testcases.CartTest@7b84fcf8]" started-at="2025-06-05T00:44:40 IST" name="tearDown" finished-at="2025-06-05T00:44:41 IST" duration-ms="1128" status="PASS">
          <params>
            <param index="0">
              <value>
                <![CDATA[[TestResult name=verifyProductQuantityInCartTest status=SUCCESS method=CartTest.verifyProductQuantityInCartTest()[pri:0, instance:com.ecommerce.testcases.CartTest@7b84fcf8] output={null}]]]>
              </value>
            </param>
          </params>
          <reporter-output>
          </reporter-output>
        </test-method> <!-- tearDown -->
      </class> <!-- com.ecommerce.testcases.CartTest -->
      <class name="com.ecommerce.testcases.RegisterUserTest">
        <test-method is-config="true" signature="setUp(java.lang.String)[pri:0, instance:com.ecommerce.testcases.RegisterUserTest@1d3ac898]" started-at="2025-06-05T00:37:20 IST" name="setUp" finished-at="2025-06-05T00:37:27 IST" duration-ms="6167" status="PASS">
          <params>
            <param index="0">
              <value>
                <![CDATA[edge]]>
              </value>
            </param>
          </params>
          <reporter-output>
          </reporter-output>
        </test-method> <!-- setUp -->
        <test-method signature="registerUser(java.util.Map)[pri:0, instance:com.ecommerce.testcases.RegisterUserTest@1d3ac898]" started-at="2025-06-05T00:37:27 IST" name="registerUser" data-provider="userData" finished-at="2025-06-05T00:38:25 IST" duration-ms="58393" status="PASS">
          <params>
            <param index="0">
              <value>
                <![CDATA[{Zip=M5H 2N2, Company=SampleCo, Email=jane.roe1@test.com, Address=456 Oak Road, FirstName=Jane, Address2=Ste 5B, Title=Mrs, Offers=TRUE, City=Toronto, Mobile=9.87654321E9, Name=Jane Roe, Newsletter=FALSE, Month=March, Year=1985.0, State=Ontario, Country=Canada, LastName=Roe, Day=12.0, Password=pass@456}]]>
              </value>
            </param>
          </params>
          <reporter-output>
          </reporter-output>
        </test-method> <!-- registerUser -->
        <test-method is-config="true" signature="tearDown(org.testng.ITestResult)[pri:0, instance:com.ecommerce.testcases.RegisterUserTest@1d3ac898]" started-at="2025-06-05T00:38:25 IST" name="tearDown" finished-at="2025-06-05T00:38:26 IST" duration-ms="1212" status="PASS">
          <params>
            <param index="0">
              <value>
                <![CDATA[[TestResult name=registerUser status=SUCCESS method=RegisterUserTest.registerUser(java.util.Map)[pri:0, instance:com.ecommerce.testcases.RegisterUserTest@1d3ac898] output={null}]]]>
              </value>
            </param>
          </params>
          <reporter-output>
          </reporter-output>
        </test-method> <!-- tearDown -->
      </class> <!-- com.ecommerce.testcases.RegisterUserTest -->
    </test> <!-- Regression - edge -->
  </suite> <!-- Regression Test Suite -->
</testng-results>
